2024-06-05 15:14:14,077 INFO  [Log] **************************************************************************************** 
2024-06-05 15:14:14,078 INFO  [Log] **************************************************************************************** 
2024-06-05 15:14:14,079 INFO  [Log] $$$$$$$$$$$$$$$$$$$$$                 My first test case for login       $$$$$$$$$$$$$$$$$$$$$$$$$ 
2024-06-05 15:14:14,079 INFO  [Log] **************************************************************************************** 
2024-06-05 15:14:14,079 INFO  [Log] **************************************************************************************** 
2024-06-05 15:14:14,079 INFO  [Log] username has been entered 
2024-06-05 15:14:14,171 INFO  [Log] password has been entered 
2024-06-05 15:14:14,171 WARN  [Log] This might not load the page 
2024-06-05 18:13:43,758 INFO  [Log] **************************************************************************************** 
2024-06-05 18:13:43,758 INFO  [Log] **************************************************************************************** 
2024-06-05 18:13:43,758 INFO  [Log] $$$$$$$$$$$$$$$$$$$$$                 My first test case for login       $$$$$$$$$$$$$$$$$$$$$$$$$ 
2024-06-05 18:13:43,758 INFO  [Log] **************************************************************************************** 
2024-06-05 18:13:43,759 INFO  [Log] **************************************************************************************** 
2024-06-05 18:13:43,759 INFO  [Log] username has been entered 
2024-06-05 18:13:43,859 INFO  [Log] password has been entered 
2024-06-05 18:13:43,860 WARN  [Log] This might not load the page 
2024-07-14 12:26:41,169 INFO  [Log] **************************************************************************************** 
2024-07-14 12:26:41,170 INFO  [Log] **************************************************************************************** 
2024-07-14 12:26:41,172 INFO  [Log] $$$$$$$$$$$$$$$$$$$$$                 My first test case for login       $$$$$$$$$$$$$$$$$$$$$$$$$ 
2024-07-14 12:26:41,172 INFO  [Log] **************************************************************************************** 
2024-07-14 12:26:41,172 INFO  [Log] **************************************************************************************** 
2024-07-14 12:26:41,172 INFO  [Log] username has been entered 
2024-07-14 12:26:41,305 INFO  [Log] password has been entered 
2024-07-14 12:26:41,305 WARN  [Log] This might not load the page 
